# JRE version: Java(TM) SE Runtime Environment (8.0_40-b26) (build 1.8.0_40-b26)
# Java VM: Java HotSpot(TM) 64-Bit Server VM (25.40-b25 mixed mode windows-amd64 compressed oops)
Heap:
 PSYoungGen      total 103936K, used 2397K [0x00000000d6200000, 0x00000000dd680000, 0x0000000100000000)
  eden space 90624K, 2% used [0x00000000d6200000,0x00000000d6457748,0x00000000dba80000)
  from space 13312K, 0% used [0x00000000dba80000,0x00000000dba80000,0x00000000dc780000)
  to   space 14336K, 0% used [0x00000000dc880000,0x00000000dc880000,0x00000000dd680000)
 ParOldGen       total 72704K, used 15224K [0x0000000082600000, 0x0000000086d00000, 0x00000000d6200000)
  object space 72704K, 20% used [0x0000000082600000,0x00000000834de1a8,0x0000000086d00000)
 Metaspace       used 23367K, capacity 23774K, committed 24960K, reserved 1071104K
  class space    used 2664K, capacity 2795K, committed 2944K, reserved 1048576K
GC Heap History (10 events):
Event: 9.835 GC heap before
{Heap before GC invocations=13 (full 1):
 PSYoungGen      total 68096K, used 58670K [0x00000000d6200000, 0x00000000dc280000, 0x0000000100000000)
  eden space 54784K, 100% used [0x00000000d6200000,0x00000000d9780000,0x00000000d9780000)
  from space 13312K, 29% used [0x00000000d9780000,0x00000000d9b4b988,0x00000000da480000)
  to   space 13312K, 0% used [0x00000000db580000,0x00000000db580000,0x00000000dc280000)
 ParOldGen       total 72704K, used 23805K [0x0000000082600000, 0x0000000086d00000, 0x00000000d6200000)
  object space 72704K, 32% used [0x0000000082600000,0x0000000083d3f7e0,0x0000000086d00000)
 Metaspace       used 22350K, capacity 22902K, committed 23216K, reserved 1069056K
  class space    used 2630K, capacity 2803K, committed 2816K, reserved 1048576K
Event: 9.842 GC heap after
Heap after GC invocations=13 (full 1):
 PSYoungGen      total 85504K, used 6126K [0x00000000d6200000, 0x00000000dc200000, 0x0000000100000000)
  eden space 72704K, 0% used [0x00000000d6200000,0x00000000d6200000,0x00000000da900000)
  from space 12800K, 47% used [0x00000000db580000,0x00000000dbb7b9e8,0x00000000dc200000)
  to   space 12800K, 0% used [0x00000000da900000,0x00000000da900000,0x00000000db580000)
 ParOldGen       total 72704K, used 23837K [0x0000000082600000, 0x0000000086d00000, 0x00000000d6200000)
  object space 72704K, 32% used [0x0000000082600000,0x0000000083d477e0,0x0000000086d00000)
 Metaspace       used 22350K, capacity 22902K, committed 23216K, reserved 1069056K
  class space    used 2630K, capacity 2803K, committed 2816K, reserved 1048576K
}
Event: 14.016 GC heap before
{Heap before GC invocations=14 (full 1):
 PSYoungGen      total 85504K, used 78830K [0x00000000d6200000, 0x00000000dc200000, 0x0000000100000000)
  eden space 72704K, 100% used [0x00000000d6200000,0x00000000da900000,0x00000000da900000)
  from space 12800K, 47% used [0x00000000db580000,0x00000000dbb7b9e8,0x00000000dc200000)
  to   space 12800K, 0% used [0x00000000da900000,0x00000000da900000,0x00000000db580000)
 ParOldGen       total 72704K, used 23837K [0x0000000082600000, 0x0000000086d00000, 0x00000000d6200000)
  object space 72704K, 32% used [0x0000000082600000,0x0000000083d477e0,0x0000000086d00000)
 Metaspace       used 23152K, capacity 23510K, committed 23680K, reserved 1071104K
  class space    used 2701K, capacity 2835K, committed 2944K, reserved 1048576K
Event: 14.027 GC heap after
Heap after GC invocations=14 (full 1):
 PSYoungGen      total 85504K, used 8450K [0x00000000d6200000, 0x00000000dd600000, 0x0000000100000000)
  eden space 72704K, 0% used [0x00000000d6200000,0x00000000d6200000,0x00000000da900000)
  from space 12800K, 66% used [0x00000000da900000,0x00000000db140920,0x00000000db580000)
  to   space 12800K, 0% used [0x00000000dc980000,0x00000000dc980000,0x00000000dd600000)
 ParOldGen       total 72704K, used 27291K [0x0000000082600000, 0x0000000086d00000, 0x00000000d6200000)
  object space 72704K, 37% used [0x0000000082600000,0x00000000840a6c20,0x0000000086d00000)
 Metaspace       used 23152K, capacity 23510K, committed 23680K, reserved 1071104K
  class space    used 2701K, capacity 2835K, committed 2944K, reserved 1048576K
}
Event: 24.134 GC heap before
{Heap before GC invocations=15 (full 1):
 PSYoungGen      total 85504K, used 81154K [0x00000000d6200000, 0x00000000dd600000, 0x0000000100000000)
  eden space 72704K, 100% used [0x00000000d6200000,0x00000000da900000,0x00000000da900000)
  from space 12800K, 66% used [0x00000000da900000,0x00000000db140920,0x00000000db580000)
  to   space 12800K, 0% used [0x00000000dc980000,0x00000000dc980000,0x00000000dd600000)
 ParOldGen       total 72704K, used 27291K [0x0000000082600000, 0x0000000086d00000, 0x00000000d6200000)
  object space 72704K, 37% used [0x0000000082600000,0x00000000840a6c20,0x0000000086d00000)
 Metaspace       used 23997K, capacity 24406K, committed 24704K, reserved 1071104K
  class space    used 2745K, capacity 2899K, committed 2944K, reserved 1048576K
Event: 24.148 GC heap after
Heap after GC invocations=15 (full 1):
 PSYoungGen      total 101888K, used 10159K [0x00000000d6200000, 0x00000000dd480000, 0x0000000100000000)
  eden space 90624K, 0% used [0x00000000d6200000,0x00000000d6200000,0x00000000dba80000)
  from space 11264K, 90% used [0x00000000dc980000,0x00000000dd36be28,0x00000000dd480000)
  to   space 13312K, 0% used [0x00000000dba80000,0x00000000dba80000,0x00000000dc780000)
 ParOldGen       total 72704K, used 27299K [0x0000000082600000, 0x0000000086d00000, 0x00000000d6200000)
  object space 72704K, 37% used [0x0000000082600000,0x00000000840a8c20,0x0000000086d00000)
 Metaspace       used 23997K, capacity 24406K, committed 24704K, reserved 1071104K
  class space    used 2745K, capacity 2899K, committed 2944K, reserved 1048576K
}
Event: 27.122 GC heap before
{Heap before GC invocations=16 (full 1):
 PSYoungGen      total 101888K, used 33864K [0x00000000d6200000, 0x00000000dd480000, 0x0000000100000000)
  eden space 90624K, 26% used [0x00000000d6200000,0x00000000d7926478,0x00000000dba80000)
  from space 11264K, 90% used [0x00000000dc980000,0x00000000dd36be28,0x00000000dd480000)
  to   space 13312K, 0% used [0x00000000dba80000,0x00000000dba80000,0x00000000dc780000)
 ParOldGen       total 72704K, used 27299K [0x0000000082600000, 0x0000000086d00000, 0x00000000d6200000)
  object space 72704K, 37% used [0x0000000082600000,0x00000000840a8c20,0x0000000086d00000)
 Metaspace       used 24328K, capacity 24758K, committed 24960K, reserved 1071104K
  class space    used 2791K, capacity 2931K, committed 2944K, reserved 1048576K
Event: 27.134 GC heap after
Heap after GC invocations=16 (full 1):
 PSYoungGen      total 103936K, used 11276K [0x00000000d6200000, 0x00000000dd680000, 0x0000000100000000)
  eden space 90624K, 0% used [0x00000000d6200000,0x00000000d6200000,0x00000000dba80000)
  from space 13312K, 84% used [0x00000000dba80000,0x00000000dc583300,0x00000000dc780000)
  to   space 14336K, 0% used [0x00000000dc880000,0x00000000dc880000,0x00000000dd680000)
 ParOldGen       total 72704K, used 27307K [0x0000000082600000, 0x0000000086d00000, 0x00000000d6200000)
  object space 72704K, 37% used [0x0000000082600000,0x00000000840aac20,0x0000000086d00000)
 Metaspace       used 24328K, capacity 24758K, committed 24960K, reserved 1071104K
  class space    used 2791K, capacity 2931K, committed 2944K, reserved 1048576K
}
Event: 27.134 GC heap before
{Heap before GC invocations=17 (full 2):
 PSYoungGen      total 103936K, used 11276K [0x00000000d6200000, 0x00000000dd680000, 0x0000000100000000)
  eden space 90624K, 0% used [0x00000000d6200000,0x00000000d6200000,0x00000000dba80000)
  from space 13312K, 84% used [0x00000000dba80000,0x00000000dc583300,0x00000000dc780000)
  to   space 14336K, 0% used [0x00000000dc880000,0x00000000dc880000,0x00000000dd680000)
 ParOldGen       total 72704K, used 27307K [0x0000000082600000, 0x0000000086d00000, 0x00000000d6200000)
  object space 72704K, 37% used [0x0000000082600000,0x00000000840aac20,0x0000000086d00000)
 Metaspace       used 24328K, capacity 24758K, committed 24960K, reserved 1071104K
  class space    used 2791K, capacity 2931K, committed 2944K, reserved 1048576K
Event: 27.255 GC heap after
Heap after GC invocations=17 (full 2):
 PSYoungGen      total 103936K, used 0K [0x00000000d6200000, 0x00000000dd680000, 0x0000000100000000)
  eden space 90624K, 0% used [0x00000000d6200000,0x00000000d6200000,0x00000000dba80000)
  from space 13312K, 0% used [0x00000000dba80000,0x00000000dba80000,0x00000000dc780000)
  to   space 14336K, 0% used [0x00000000dc880000,0x00000000dc880000,0x00000000dd680000)
 ParOldGen       total 72704K, used 15224K [0x0000000082600000, 0x0000000086d00000, 0x00000000d6200000)
  object space 72704K, 20% used [0x0000000082600000,0x00000000834de1a8,0x0000000086d00000)
 Metaspace       used 23354K, capacity 23774K, committed 24960K, reserved 1071104K
  class space    used 2662K, capacity 2795K, committed 2944K, reserved 1048576K
}

