# JRE version: Java(TM) SE Runtime Environment (8.0_40-b26) (build 1.8.0_40-b26)
# Java VM: Java HotSpot(TM) 64-Bit Server VM (25.40-b25 mixed mode windows-amd64 compressed oops)
Heap:
 PSYoungGen      total 91136K, used 2696K [0x00000000d6200000, 0x00000000dec00000, 0x0000000100000000)
  eden space 90112K, 2% used [0x00000000d6200000,0x00000000d64a2080,0x00000000dba00000)
  from space 1024K, 0% used [0x00000000dba00000,0x00000000dba00000,0x00000000dbb00000)
  to   space 25600K, 0% used [0x00000000dd300000,0x00000000dd300000,0x00000000dec00000)
 ParOldGen       total 77824K, used 17724K [0x0000000082600000, 0x0000000087200000, 0x00000000d6200000)
  object space 77824K, 22% used [0x0000000082600000,0x000000008374f0e0,0x0000000087200000)
 Metaspace       used 26071K, capacity 26620K, committed 27392K, reserved 1073152K
  class space    used 2933K, capacity 3121K, committed 3328K, reserved 1048576K
GC Heap History (10 events):
Event: 22.675 GC heap before
{Heap before GC invocations=23 (full 4):
 PSYoungGen      total 115200K, used 96K [0x00000000d6200000, 0x00000000ded00000, 0x0000000100000000)
  eden space 89600K, 0% used [0x00000000d6200000,0x00000000d6200000,0x00000000db980000)
  from space 25600K, 0% used [0x00000000db980000,0x00000000db998000,0x00000000dd280000)
  to   space 26112K, 0% used [0x00000000dd380000,0x00000000dd380000,0x00000000ded00000)
 ParOldGen       total 77824K, used 18000K [0x0000000082600000, 0x0000000087200000, 0x00000000d6200000)
  object space 77824K, 23% used [0x0000000082600000,0x0000000083794078,0x0000000087200000)
 Metaspace       used 25762K, capacity 26238K, committed 27392K, reserved 1073152K
  class space    used 2906K, capacity 3080K, committed 3328K, reserved 1048576K
Event: 22.774 GC heap after
Heap after GC invocations=23 (full 4):
 PSYoungGen      total 115200K, used 0K [0x00000000d6200000, 0x00000000ded00000, 0x0000000100000000)
  eden space 89600K, 0% used [0x00000000d6200000,0x00000000d6200000,0x00000000db980000)
  from space 25600K, 0% used [0x00000000db980000,0x00000000db980000,0x00000000dd280000)
  to   space 26112K, 0% used [0x00000000dd380000,0x00000000dd380000,0x00000000ded00000)
 ParOldGen       total 77824K, used 17257K [0x0000000082600000, 0x0000000087200000, 0x00000000d6200000)
  object space 77824K, 22% used [0x0000000082600000,0x00000000836da5b8,0x0000000087200000)
 Metaspace       used 25762K, capacity 26238K, committed 27392K, reserved 1073152K
  class space    used 2906K, capacity 3080K, committed 3328K, reserved 1048576K
}
Event: 22.774 GC heap before
{Heap before GC invocations=24 (full 4):
 PSYoungGen      total 115200K, used 0K [0x00000000d6200000, 0x00000000ded00000, 0x0000000100000000)
  eden space 89600K, 0% used [0x00000000d6200000,0x00000000d6200000,0x00000000db980000)
  from space 25600K, 0% used [0x00000000db980000,0x00000000db980000,0x00000000dd280000)
  to   space 26112K, 0% used [0x00000000dd380000,0x00000000dd380000,0x00000000ded00000)
 ParOldGen       total 77824K, used 17257K [0x0000000082600000, 0x0000000087200000, 0x00000000d6200000)
  object space 77824K, 22% used [0x0000000082600000,0x00000000836da5b8,0x0000000087200000)
 Metaspace       used 25762K, capacity 26238K, committed 27392K, reserved 1073152K
  class space    used 2906K, capacity 3080K, committed 3328K, reserved 1048576K
Event: 22.775 GC heap after
Heap after GC invocations=24 (full 4):
 PSYoungGen      total 116224K, used 0K [0x00000000d6200000, 0x00000000ded00000, 0x0000000100000000)
  eden space 90112K, 0% used [0x00000000d6200000,0x00000000d6200000,0x00000000dba00000)
  from space 26112K, 0% used [0x00000000dd380000,0x00000000dd380000,0x00000000ded00000)
  to   space 26112K, 0% used [0x00000000dba00000,0x00000000dba00000,0x00000000dd380000)
 ParOldGen       total 77824K, used 17257K [0x0000000082600000, 0x0000000087200000, 0x00000000d6200000)
  object space 77824K, 22% used [0x0000000082600000,0x00000000836da5b8,0x0000000087200000)
 Metaspace       used 25762K, capacity 26238K, committed 27392K, reserved 1073152K
  class space    used 2906K, capacity 3080K, committed 3328K, reserved 1048576K
}
Event: 22.776 GC heap before
{Heap before GC invocations=25 (full 5):
 PSYoungGen      total 116224K, used 0K [0x00000000d6200000, 0x00000000ded00000, 0x0000000100000000)
  eden space 90112K, 0% used [0x00000000d6200000,0x00000000d6200000,0x00000000dba00000)
  from space 26112K, 0% used [0x00000000dd380000,0x00000000dd380000,0x00000000ded00000)
  to   space 26112K, 0% used [0x00000000dba00000,0x00000000dba00000,0x00000000dd380000)
 ParOldGen       total 77824K, used 17257K [0x0000000082600000, 0x0000000087200000, 0x00000000d6200000)
  object space 77824K, 22% used [0x0000000082600000,0x00000000836da5b8,0x0000000087200000)
 Metaspace       used 25762K, capacity 26238K, committed 27392K, reserved 1073152K
  class space    used 2906K, capacity 3080K, committed 3328K, reserved 1048576K
Event: 22.825 GC heap after
Heap after GC invocations=25 (full 5):
 PSYoungGen      total 116224K, used 0K [0x00000000d6200000, 0x00000000ded00000, 0x0000000100000000)
  eden space 90112K, 0% used [0x00000000d6200000,0x00000000d6200000,0x00000000dba00000)
  from space 26112K, 0% used [0x00000000dd380000,0x00000000dd380000,0x00000000ded00000)
  to   space 26112K, 0% used [0x00000000dba00000,0x00000000dba00000,0x00000000dd380000)
 ParOldGen       total 77824K, used 17257K [0x0000000082600000, 0x0000000087200000, 0x00000000d6200000)
  object space 77824K, 22% used [0x0000000082600000,0x00000000836da538,0x0000000087200000)
 Metaspace       used 25762K, capacity 26238K, committed 27392K, reserved 1073152K
  class space    used 2906K, capacity 3080K, committed 3328K, reserved 1048576K
}
Event: 23.100 GC heap before
{Heap before GC invocations=26 (full 5):
 PSYoungGen      total 116224K, used 5387K [0x00000000d6200000, 0x00000000ded00000, 0x0000000100000000)
  eden space 90112K, 5% used [0x00000000d6200000,0x00000000d6742c08,0x00000000dba00000)
  from space 26112K, 0% used [0x00000000dd380000,0x00000000dd380000,0x00000000ded00000)
  to   space 26112K, 0% used [0x00000000dba00000,0x00000000dba00000,0x00000000dd380000)
 ParOldGen       total 77824K, used 17257K [0x0000000082600000, 0x0000000087200000, 0x00000000d6200000)
  object space 77824K, 22% used [0x0000000082600000,0x00000000836da538,0x0000000087200000)
 Metaspace       used 26062K, capacity 26556K, committed 27392K, reserved 1073152K
  class space    used 2932K, capacity 3121K, committed 3328K, reserved 1048576K
Event: 23.102 GC heap after
Heap after GC invocations=26 (full 5):
 PSYoungGen      total 91136K, used 576K [0x00000000d6200000, 0x00000000dec00000, 0x0000000100000000)
  eden space 90112K, 0% used [0x00000000d6200000,0x00000000d6200000,0x00000000dba00000)
  from space 1024K, 56% used [0x00000000dba00000,0x00000000dba90000,0x00000000dbb00000)
  to   space 25600K, 0% used [0x00000000dd300000,0x00000000dd300000,0x00000000dec00000)
 ParOldGen       total 77824K, used 17265K [0x0000000082600000, 0x0000000087200000, 0x00000000d6200000)
  object space 77824K, 22% used [0x0000000082600000,0x00000000836dc538,0x0000000087200000)
 Metaspace       used 26062K, capacity 26556K, committed 27392K, reserved 1073152K
  class space    used 2932K, capacity 3121K, committed 3328K, reserved 1048576K
}
Event: 23.102 GC heap before
{Heap before GC invocations=27 (full 6):
 PSYoungGen      total 91136K, used 576K [0x00000000d6200000, 0x00000000dec00000, 0x0000000100000000)
  eden space 90112K, 0% used [0x00000000d6200000,0x00000000d6200000,0x00000000dba00000)
  from space 1024K, 56% used [0x00000000dba00000,0x00000000dba90000,0x00000000dbb00000)
  to   space 25600K, 0% used [0x00000000dd300000,0x00000000dd300000,0x00000000dec00000)
 ParOldGen       total 77824K, used 17265K [0x0000000082600000, 0x0000000087200000, 0x00000000d6200000)
  object space 77824K, 22% used [0x0000000082600000,0x00000000836dc538,0x0000000087200000)
 Metaspace       used 26062K, capacity 26556K, committed 27392K, reserved 1073152K
  class space    used 2932K, capacity 3121K, committed 3328K, reserved 1048576K
Event: 23.302 GC heap after
Heap after GC invocations=27 (full 6):
 PSYoungGen      total 91136K, used 0K [0x00000000d6200000, 0x00000000dec00000, 0x0000000100000000)
  eden space 90112K, 0% used [0x00000000d6200000,0x00000000d6200000,0x00000000dba00000)
  from space 1024K, 0% used [0x00000000dba00000,0x00000000dba00000,0x00000000dbb00000)
  to   space 25600K, 0% used [0x00000000dd300000,0x00000000dd300000,0x00000000dec00000)
 ParOldGen       total 77824K, used 17724K [0x0000000082600000, 0x0000000087200000, 0x00000000d6200000)
  object space 77824K, 22% used [0x0000000082600000,0x000000008374f0e0,0x0000000087200000)
 Metaspace       used 26062K, capacity 26556K, committed 27392K, reserved 1073152K
  class space    used 2932K, capacity 3121K, committed 3328K, reserved 1048576K
}

